<?xml version="1.0" encoding="UTF-8"?>

<testsuite name="com.gorillalogic.tests.newTestSuite.testCases.tests.MyTest" tests="8" failures="0" errors="0" skipped="0" time="4.876" hostname="private" timestamp="2011-02-22T17:57:40">
  <testcase classname="com.gorillalogic.tests.newTestSuite.testCases.tests::MyTest" name="myTest1" time="0.782"/>
  <testcase classname="com.gorillalogic.tests.newTestSuite.testCases.tests::MyTest" name="myTest2" time="0.619"/>
  <testcase classname="com.gorillalogic.tests.newTestSuite.testCases.tests::MyTest" name="myTest3" time="0.540"/>
  <testcase classname="com.gorillalogic.tests.newTestSuite.testCases.tests::MyTest" name="myTest4" time="0.687"/>
  <testcase classname="com.gorillalogic.tests.newTestSuite.testCases.tests::MyTest" name="myTest5" time="0.541"/>
  <testcase classname="com.gorillalogic.tests.newTestSuite.testCases.tests::MyTest" name="myTest6" time="0.541"/>
  <testcase classname="com.gorillalogic.tests.newTestSuite.testCases.tests::MyTest" name="myTest7" time="0.624"/>
  <testcase classname="com.gorillalogic.tests.newTestSuite.testCases.tests::MyTest" name="myTest8" time="0.542"/>
</testsuite>
